0	22:31:22.191	Compiling 'MACD Sample'
0	22:31:22.191	Compiling 'Moving Average'
0	22:31:32.815	Compiling 'Accelerator'
0	22:31:32.815	Compiling 'Accumulation'
0	22:31:32.815	Compiling 'Alligator'
0	22:31:32.815	Compiling 'ATR'
0	22:31:32.815	Compiling 'Awesome'
0	22:31:32.815	Compiling 'Bands'
0	22:31:32.815	Compiling 'Bears'
0	22:31:32.815	Compiling 'Bulls'
0	22:31:32.815	Compiling 'CCI'
0	22:31:32.815	Compiling 'Custom Moving Averages'
0	22:31:32.815	Compiling 'Heiken Ashi'
0	22:31:32.815	Compiling 'Ichimoku'
0	22:31:32.815	Compiling 'iExposure'
0	22:31:32.815	Compiling 'MACD'
0	22:31:32.816	Compiling 'Momentum'
0	22:31:32.816	Compiling 'OsMA'
0	22:31:32.816	Compiling 'Parabolic'
0	22:31:32.816	Compiling 'RSI'
0	22:31:32.816	Compiling 'Stochastic'
0	22:31:32.816	Compiling 'ZigZag'
0	22:31:32.816	Compiling 'SimplePanel'
0	22:31:48.055	Compiling 'PeriodConverter'
0	22:31:48.055	Compiling 'DLLSampleTester'
0	22:31:48.056	Compiling 'PipeClient'
0	22:31:48.056	Compiling 'PipeClientPure'
0	22:31:59.336	Compiling 'stdlib'
